{"hash":"ZPI0hiUZ","long_url":"http://google.ru6"}
{"hash":"I1s5LqiG","long_url":"http://google.ru6"}
{"hash":"3LZgeJPj","long_url":"http://google.ru6"}
{"hash":"0CONBfIi","long_url":"http://google.ru6"}
{"hash":"0P0MToEo","long_url":"http://google.ru6"}
{"hash":"MPyWcPPl","long_url":"http://google.ru6"}
{"hash":"xImjf9fk","long_url":"http://google.ru6"}
{"hash":"o1PGHQg4","long_url":"http://google.ru"}
{"hash":"dg8VfXrL","long_url":"http://google.ru1"}
{"hash":"JowwwaFH","long_url":"http://google.ru1"}
{"hash":"rwqSDo2S","long_url":"http://google.ru1"}
{"hash":"QpJhurA5","long_url":"http://google.ru1"}
{"hash":"uUIFWLQL","long_url":"http://google.ru1"}
{"hash":"ouH9l3M8","long_url":"http://google.ru1"}
{"hash":"904o6BbD","long_url":"http://google.ru1"}
{"hash":"zBdzXJOc","long_url":"http://google.ru1"}
{"hash":"8RShQclC","long_url":"http://google.ru1"}
{"hash":"RJoco9Sn","long_url":"http://google.ru1"}
{"hash":"QW4WrG5T","long_url":"http://google.ru1"}
{"hash":"Ulrn8EtM","long_url":"http://google.ru"}
{"hash":"oQTMgTDo","long_url":"http://google.ru"}
{"hash":"qcG1fPux","long_url":"http://google.ru"}
{"hash":"Ypw8viXv","long_url":"http://google.ru"}
{"hash":"bgCgy58H","long_url":"http://google.ru"}
{"hash":"CCmHPYcY","long_url":"http://google.ru123"}
{"hash":"EmU3Gmg5","long_url":"http://yandex.com"}
{"hash":"mLOTbWs4","long_url":"http://yandex.com"}
{"hash":"WZTCjrP0","long_url":"http://yandex.com"}
{"hash":"I4BNLA6l","long_url":"http://google.ru123"}
{"hash":"kkZCZrjg","long_url":"http://google.ru123"}
{"hash":"LdGr0Jl0","long_url":"http://google.ru123"}
{"hash":"FlJGxs82","long_url":"http://google.ru123"}
{"hash":"FEsXnLS4","long_url":"http://yandex.com"}
